<?xml version="1.0" encoding="UTF-8"?>
<testng-results ignored="0" total="2" passed="2" failed="0" skipped="0">
  <reporter-output>
  </reporter-output>
  <suite started-at="2024-12-11T21:20:29 IST" name="Default suite" finished-at="2024-12-11T21:20:33 IST" duration-ms="3741">
    <groups>
    </groups>
    <test started-at="2024-12-11T21:20:29 IST" name="Default test" finished-at="2024-12-11T21:20:33 IST" duration-ms="3741">
      <class name="tests.LoginTest">
        <test-method is-config="true" signature="beforeClass()[pri:0, instance:tests.LoginTest@62e7f11d]" started-at="2024-12-11T21:20:29 IST" name="beforeClass" finished-at="2024-12-11T21:20:31 IST" duration-ms="2163" status="PASS">
          <reporter-output>
          </reporter-output>
        </test-method> <!-- beforeClass -->
        <test-method signature="tc01_loginSucceed()[pri:0, instance:tests.LoginTest@62e7f11d]" started-at="2024-12-11T21:20:32 IST" name="tc01_loginSucceed" finished-at="2024-12-11T21:20:33 IST" duration-ms="1231" status="PASS">
          <reporter-output>
          </reporter-output>
        </test-method> <!-- tc01_loginSucceed -->
        <test-method signature="tc02_loginFailed()[pri:0, instance:tests.LoginTest@62e7f11d]" started-at="2024-12-11T21:20:33 IST" name="tc02_loginFailed" finished-at="2024-12-11T21:20:33 IST" duration-ms="314" status="PASS">
          <reporter-output>
          </reporter-output>
        </test-method> <!-- tc02_loginFailed -->
        <test-method is-config="true" signature="afterClass()[pri:0, instance:tests.LoginTest@62e7f11d]" started-at="2024-12-11T21:20:33 IST" name="afterClass" finished-at="2024-12-11T21:20:33 IST" duration-ms="0" status="PASS">
          <reporter-output>
          </reporter-output>
        </test-method> <!-- afterClass -->
      </class> <!-- tests.LoginTest -->
    </test> <!-- Default test -->
  </suite> <!-- Default suite -->
</testng-results>
